New log file opened at Tue Feb 07 10:34:04 GMT-03:00 2017 by 11908@DESKTOP-IEECKTE
Sending msg to client play-fork-run-47191547-5463-4940-a4ed-d1cc3e9e008d: DetachedLogEvent(LogMessage(debug,sbt server socket logs are in: E:\Projetos\play\loja\.sbtserver\connections\master.log))
Sending msg to client play-fork-run-47191547-5463-4940-a4ed-d1cc3e9e008d: DetachedLogEvent(LogMessage(debug,sbt general server logs are in: E:\Projetos\play\loja\.sbtserver\master.log))
Sending msg to client play-fork-run-47191547-5463-4940-a4ed-d1cc3e9e008d: DetachedLogEvent(LogMessage(debug,sbt client logs are in: E:\Projetos\play\loja\.sbtserver\connections\play-fork-run-47191547-5463-4940-a4ed-d1cc3e9e008d.log))
Reading next message from client.
Got request: DaemonRequest(true)
Reading next message from client.
Sending msg to client play-fork-run-47191547-5463-4940-a4ed-d1cc3e9e008d: (3,ReceivedResponse())
Got request: ListenToEvents()
Reading next message from client.
Got request: KeyLookupRequest(root/playForkConfig)
Reading next message from client.
Sending msg to client play-fork-run-47191547-5463-4940-a4ed-d1cc3e9e008d: ExecutionWaiting(103,compile,ClientInfo(912b1882-11b1-4c5e-b9cf-dd1ec7293182,activator,Activator,3,Vector()))
Sending msg to client play-fork-run-47191547-5463-4940-a4ed-d1cc3e9e008d: ExecutionStarting(103)
Sending msg to client play-fork-run-47191547-5463-4940-a4ed-d1cc3e9e008d: TaskStarted(103,8559,Some(AttributeKey[scala.collection.Seq[java.lang.String]]("playEbeanModels") in Scope(Build: file:/E:/Projetos/play/loja/, , Project: ProjectReference(file:/E:/Projetos/play/loja/,root), Config: compile)))
Sending msg to client play-fork-run-47191547-5463-4940-a4ed-d1cc3e9e008d: BackgroundJobStarted(102,BackgroundJobInfo(17,backgroundRun,AttributeKey[sbt.BackgroundJobHandle]("backgroundRun") in Scope(Build: file:/E:/Projetos/play/loja/, , Project: ProjectReference(file:/E:/Projetos/play/loja/,root), Config: compile)))
Sending msg to client play-fork-run-47191547-5463-4940-a4ed-d1cc3e9e008d: BackgroundJobStarted(97,BackgroundJobInfo(16,backgroundRun,AttributeKey[sbt.BackgroundJobHandle]("backgroundRun") in Scope(Build: file:/E:/Projetos/play/loja/, , Project: ProjectReference(file:/E:/Projetos/play/loja/,root), Config: compile)))
Sending msg to client play-fork-run-47191547-5463-4940-a4ed-d1cc3e9e008d: BackgroundJobStarted(20,BackgroundJobInfo(3,backgroundRun,AttributeKey[sbt.BackgroundJobHandle]("backgroundRun") in Scope(Build: file:/E:/Projetos/play/loja/, , Project: ProjectReference(file:/E:/Projetos/play/loja/,root), Config: compile)))
Sending msg to client play-fork-run-47191547-5463-4940-a4ed-d1cc3e9e008d: (4,ReceivedResponse())
Sending msg to client play-fork-run-47191547-5463-4940-a4ed-d1cc3e9e008d: (5,KeyLookupResponse(root/playForkConfig,Vector(AttributeKey[play.forkrun.protocol.ForkConfig]("playForkConfig") in Scope(Build: file:/E:/Projetos/play/loja/, , Project: ProjectReference(file:/E:/Projetos/play/loja/,root)))))
Got request: ListenToValue(AttributeKey[play.forkrun.protocol.ForkConfig]("playForkConfig") in Scope(Build: file:/E:/Projetos/play/loja/, , Project: ProjectReference(file:/E:/Projetos/play/loja/,root)))
Reading next message from client.
Sending msg to client play-fork-run-47191547-5463-4940-a4ed-d1cc3e9e008d: (6,ReceivedResponse())
Sending msg to client play-fork-run-47191547-5463-4940-a4ed-d1cc3e9e008d: BackgroundJobLogEvent(16,LogMessage(info,JVM exiting, shutting down Play fork run ...))
Sending msg to client play-fork-run-47191547-5463-4940-a4ed-d1cc3e9e008d: BackgroundJobLogEvent(16,LogMessage(info,Play fork run already stopped ...))
Got request: KeyExecutionRequest(AttributeKey[play.forkrun.protocol.ForkConfig]("playForkConfig") in Scope(Build: file:/E:/Projetos/play/loja/, , Project: ProjectReference(file:/E:/Projetos/play/loja/,root)))
Reading next message from client.
Sending msg to client play-fork-run-47191547-5463-4940-a4ed-d1cc3e9e008d: (7,ExecutionRequestReceived(104))
Sending msg to client play-fork-run-47191547-5463-4940-a4ed-d1cc3e9e008d: ExecutionWaiting(104,{file:/E:/Projetos/play/loja/}root/*:playForkConfig,ClientInfo(47191547-5463-4940-a4ed-d1cc3e9e008d,play-fork-run,Play Fork Run,1,Vector()))
Sending msg to client play-fork-run-47191547-5463-4940-a4ed-d1cc3e9e008d: BackgroundJobLogEvent(16,LogMessage(info,Forked Play process exited with status: 0))
Sending msg to client play-fork-run-47191547-5463-4940-a4ed-d1cc3e9e008d: BackgroundJobFinished(97,16)
Sending msg to client play-fork-run-47191547-5463-4940-a4ed-d1cc3e9e008d: TaskFinished(103,8559,Some(AttributeKey[scala.collection.Seq[java.lang.String]]("playEbeanModels") in Scope(Build: file:/E:/Projetos/play/loja/, , Project: ProjectReference(file:/E:/Projetos/play/loja/,root), Config: compile)),true,None)
Sending msg to client play-fork-run-47191547-5463-4940-a4ed-d1cc3e9e008d: TaskStarted(103,8558,Some(AttributeKey[sbt.compiler.IC$Result]("manipulateBytecode") in Scope(Build: file:/E:/Projetos/play/loja/, , Project: ProjectReference(file:/E:/Projetos/play/loja/,root), Config: compile)))
Sending msg to client play-fork-run-47191547-5463-4940-a4ed-d1cc3e9e008d: TaskFinished(103,8558,Some(AttributeKey[sbt.compiler.IC$Result]("manipulateBytecode") in Scope(Build: file:/E:/Projetos/play/loja/, , Project: ProjectReference(file:/E:/Projetos/play/loja/,root), Config: compile)),true,None)
Sending msg to client play-fork-run-47191547-5463-4940-a4ed-d1cc3e9e008d: TaskStarted(103,8499,Some(AttributeKey[sbt.inc.Analysis]("compile") in Scope(Build: file:/E:/Projetos/play/loja/, , Project: ProjectReference(file:/E:/Projetos/play/loja/,root), Config: compile)))
Sending msg to client play-fork-run-47191547-5463-4940-a4ed-d1cc3e9e008d: TaskFinished(103,8499,Some(AttributeKey[sbt.inc.Analysis]("compile") in Scope(Build: file:/E:/Projetos/play/loja/, , Project: ProjectReference(file:/E:/Projetos/play/loja/,root), Config: compile)),true,None)
Sending msg to client play-fork-run-47191547-5463-4940-a4ed-d1cc3e9e008d: TaskStarted(103,8498,None)
Sending msg to client play-fork-run-47191547-5463-4940-a4ed-d1cc3e9e008d: TaskFinished(103,8498,None,true,None)
Sending msg to client play-fork-run-47191547-5463-4940-a4ed-d1cc3e9e008d: TaskStarted(103,8497,Some(AttributeKey[sbt.inc.Analysis]("compile") in Scope(Build: file:/E:/Projetos/play/loja/, , Project: ProjectReference(file:/E:/Projetos/play/loja/,root), Config: compile)))
Sending msg to client play-fork-run-47191547-5463-4940-a4ed-d1cc3e9e008d: TaskFinished(103,8497,Some(AttributeKey[sbt.inc.Analysis]("compile") in Scope(Build: file:/E:/Projetos/play/loja/, , Project: ProjectReference(file:/E:/Projetos/play/loja/,root), Config: compile)),true,None)
Sending msg to client play-fork-run-47191547-5463-4940-a4ed-d1cc3e9e008d: TaskStarted(103,8496,None)
Sending msg to client play-fork-run-47191547-5463-4940-a4ed-d1cc3e9e008d: TaskStarted(103,8630,Some(AttributeKey[scala.collection.Seq[java.lang.String]]("discoveredMainClasses") in Scope(Build: file:/E:/Projetos/play/loja/, , Project: ProjectReference(file:/E:/Projetos/play/loja/,root), Config: compile)))
Sending msg to client play-fork-run-47191547-5463-4940-a4ed-d1cc3e9e008d: TaskFinished(103,8496,None,true,None)
Sending msg to client play-fork-run-47191547-5463-4940-a4ed-d1cc3e9e008d: TaskStarted(103,8495,None)
Sending msg to client play-fork-run-47191547-5463-4940-a4ed-d1cc3e9e008d: TaskFinished(103,8630,Some(AttributeKey[scala.collection.Seq[java.lang.String]]("discoveredMainClasses") in Scope(Build: file:/E:/Projetos/play/loja/, , Project: ProjectReference(file:/E:/Projetos/play/loja/,root), Config: compile)),true,None)
Sending msg to client play-fork-run-47191547-5463-4940-a4ed-d1cc3e9e008d: TaskFinished(103,8495,None,true,None)
Sending msg to client play-fork-run-47191547-5463-4940-a4ed-d1cc3e9e008d: DetachedLogEvent(LogMessage(debug,cancel strategy finish enabled=false lastCommand=Some(LastCommand(CommandExecutionWork(ExecutionId(103),compile,Set(LiveClient(activator 912b1882-11b1-4c5e-b9cf-dd1ec7293182)),sbt.server.WorkCancellationStatus$$anon$1@3b9a4b04)))))
Sending msg to client play-fork-run-47191547-5463-4940-a4ed-d1cc3e9e008d: DetachedLogEvent(LogSuccess(Total time: 2 s, completed 07/02/2017 10:34:06))
Sending msg to client play-fork-run-47191547-5463-4940-a4ed-d1cc3e9e008d: DetachedLogEvent(LogMessage(debug,> server-post-command-cleanup))
Sending msg to client play-fork-run-47191547-5463-4940-a4ed-d1cc3e9e008d: ExecutionSuccess(103)
Sending msg to client play-fork-run-47191547-5463-4940-a4ed-d1cc3e9e008d: DetachedLogEvent(LogMessage(debug,> server-handle-next-server-request))
Sending msg to client play-fork-run-47191547-5463-4940-a4ed-d1cc3e9e008d: ExecutionStarting(104)
Sending msg to client play-fork-run-47191547-5463-4940-a4ed-d1cc3e9e008d: DetachedLogEvent(LogMessage(debug,> {file:/E:/Projetos/play/loja/}root/*:playForkConfig))
Sending msg to client play-fork-run-47191547-5463-4940-a4ed-d1cc3e9e008d: DetachedLogEvent(LogMessage(debug,Evaluating tasks: *:playForkConfig))
Sending msg to client play-fork-run-47191547-5463-4940-a4ed-d1cc3e9e008d: DetachedLogEvent(LogMessage(debug,Running task... Cancel: sbt.server.ServerTaskCancellation@c866d8f, check cycles: false))
Sending msg to client play-fork-run-47191547-5463-4940-a4ed-d1cc3e9e008d: DetachedLogEvent(LogMessage(debug,cancel strategy start enabled=true lastCommand=Some(LastCommand(CommandExecutionWork(ExecutionId(104),{file:/E:/Projetos/play/loja/}root/*:playForkConfig,Set(LiveClient(play-fork-run 47191547-5463-4940-a4ed-d1cc3e9e008d)),sbt.server.WorkCancellationStatus$$anon$1@14b3f800)))))
Sending msg to client play-fork-run-47191547-5463-4940-a4ed-d1cc3e9e008d: TaskStarted(104,8635,Some(AttributeKey[scala.Tuple2[java.lang.String,java.io.File]]("playPrefixAndAssets") in Scope(Build: file:/E:/Projetos/play/loja/, , Project: ProjectReference(file:/E:/Projetos/play/loja/,root))))
Sending msg to client play-fork-run-47191547-5463-4940-a4ed-d1cc3e9e008d: TaskStarted(104,8637,None)
Sending msg to client play-fork-run-47191547-5463-4940-a4ed-d1cc3e9e008d: TaskStarted(104,8640,None)
Sending msg to client play-fork-run-47191547-5463-4940-a4ed-d1cc3e9e008d: TaskStarted(104,8641,Some(AttributeKey[scala.Option[java.lang.String]]("mainClass") in Scope(Build: file:/E:/Projetos/play/loja/, , Project: ProjectReference(file:/E:/Projetos/play/loja/,root), Config: compile, Task: AttributeKey[void]("run"))))
Sending msg to client play-fork-run-47191547-5463-4940-a4ed-d1cc3e9e008d: TaskStarted(104,8644,None)
Sending msg to client play-fork-run-47191547-5463-4940-a4ed-d1cc3e9e008d: TaskStarted(104,8655,None)
Sending msg to client play-fork-run-47191547-5463-4940-a4ed-d1cc3e9e008d: ExecutionWaiting(105,jobStop 17,ClientInfo(912b1882-11b1-4c5e-b9cf-dd1ec7293182,activator,Activator,3,Vector()))
Sending msg to client play-fork-run-47191547-5463-4940-a4ed-d1cc3e9e008d: DetachedLogEvent(LogMessage(debug,cancel strategy cancel() with enabled=true lastCommand=Some(LastCommand(CommandExecutionWork(ExecutionId(104),{file:/E:/Projetos/play/loja/}root/*:playForkConfig,Set(LiveClient(play-fork-run 47191547-5463-4940-a4ed-d1cc3e9e008d)),sbt.server.WorkCancellationStatus$$anon$1@14b3f800)))))
Sending msg to client play-fork-run-47191547-5463-4940-a4ed-d1cc3e9e008d: DetachedLogEvent(LogStdOut())
Sending msg to client play-fork-run-47191547-5463-4940-a4ed-d1cc3e9e008d: DetachedLogEvent(LogMessage(warn,Canceling execution...))
Sending msg to client play-fork-run-47191547-5463-4940-a4ed-d1cc3e9e008d: ExecutionWaiting(106,backgroundRun,ClientInfo(912b1882-11b1-4c5e-b9cf-dd1ec7293182,activator,Activator,3,Vector()))
Sending msg to client play-fork-run-47191547-5463-4940-a4ed-d1cc3e9e008d: TaskStarted(104,8656,None)
Sending msg to client play-fork-run-47191547-5463-4940-a4ed-d1cc3e9e008d: TaskStarted(104,8665,Some(AttributeKey[scala.Option[scala.collection.Seq[sbt.Resolver]]]("bootResolvers") in Scope(Build: file:/E:/Projetos/play/loja/, , Project: ProjectReference(file:/E:/Projetos/play/loja/,root))))
Sending msg to client play-fork-run-47191547-5463-4940-a4ed-d1cc3e9e008d: TaskStarted(104,8669,Some(AttributeKey[scala.collection.Seq[sbt.Resolver]]("externalResolvers") in Scope(Build: file:/E:/Projetos/play/loja/, , Project: ProjectReference(file:/E:/Projetos/play/loja/,root))))
Sending msg to client play-fork-run-47191547-5463-4940-a4ed-d1cc3e9e008d: TaskStarted(104,8671,Some(AttributeKey[scala.collection.Seq[sbt.Credentials]]("credentials") in Scope(Global)))
Sending msg to client play-fork-run-47191547-5463-4940-a4ed-d1cc3e9e008d: TaskStarted(104,8672,Some(AttributeKey[boolean]("skip") in Scope(Global)))
Sending msg to client play-fork-run-47191547-5463-4940-a4ed-d1cc3e9e008d: TaskStarted(104,8673,Some(AttributeKey[java.lang.String]("updateCacheName") in Scope(Build: file:/E:/Projetos/play/loja/, , Project: ProjectReference(file:/E:/Projetos/play/loja/,root))))
Sending msg to client play-fork-run-47191547-5463-4940-a4ed-d1cc3e9e008d: TaskStarted(104,8675,None)
Sending msg to client play-fork-run-47191547-5463-4940-a4ed-d1cc3e9e008d: TaskStarted(104,8680,None)
Sending msg to client play-fork-run-47191547-5463-4940-a4ed-d1cc3e9e008d: TaskStarted(104,8684,None)
Sending msg to client play-fork-run-47191547-5463-4940-a4ed-d1cc3e9e008d: TaskStarted(104,8687,None)
Sending msg to client play-fork-run-47191547-5463-4940-a4ed-d1cc3e9e008d: TaskStarted(104,8688,Some(AttributeKey[scala.collection.Seq[java.lang.String]]("javaOptions") in Scope(Global)))
Sending msg to client play-fork-run-47191547-5463-4940-a4ed-d1cc3e9e008d: DetachedLogEvent(LogMessage(debug,cancel strategy finish enabled=false lastCommand=Some(LastCommand(CommandExecutionWork(ExecutionId(104),{file:/E:/Projetos/play/loja/}root/*:playForkConfig,Set(LiveClient(play-fork-run 47191547-5463-4940-a4ed-d1cc3e9e008d)),sbt.server.WorkCancellationStatus$$anon$1@14b3f800)))))
Sending msg to client play-fork-run-47191547-5463-4940-a4ed-d1cc3e9e008d: DetachedLogEvent(LogTrace(ExecutionException,java.util.concurrent.RejectedExecutionException: Task java.util.concurrent.ExecutorCompletionService$QueueingFuture@6313383b rejected from java.util.concurrent.ThreadPoolExecutor@6dd4ca29[Shutting down, pool size = 4, active threads = 4, queued tasks = 0, completed tasks = 0]))
Sending msg to client play-fork-run-47191547-5463-4940-a4ed-d1cc3e9e008d: DetachedLogEvent(LogMessage(error,java.util.concurrent.ExecutionException: java.util.concurrent.RejectedExecutionException: Task java.util.concurrent.ExecutorCompletionService$QueueingFuture@6313383b rejected from java.util.concurrent.ThreadPoolExecutor@6dd4ca29[Shutting down, pool size = 4, active threads = 4, queued tasks = 0, completed tasks = 0]))
Sending msg to client play-fork-run-47191547-5463-4940-a4ed-d1cc3e9e008d: DetachedLogEvent(LogMessage(error,Use 'last' for the full log.))
Sending msg to client play-fork-run-47191547-5463-4940-a4ed-d1cc3e9e008d: DetachedLogEvent(LogMessage(debug,> server-post-command-error-handler))
Sending msg to client play-fork-run-47191547-5463-4940-a4ed-d1cc3e9e008d: ExecutionFailure(104)
Sending msg to client play-fork-run-47191547-5463-4940-a4ed-d1cc3e9e008d: DetachedLogEvent(LogMessage(debug,> server-post-command-cleanup))
Sending msg to client play-fork-run-47191547-5463-4940-a4ed-d1cc3e9e008d: DetachedLogEvent(LogMessage(debug,> server-handle-next-server-request))
Sending msg to client play-fork-run-47191547-5463-4940-a4ed-d1cc3e9e008d: ExecutionStarting(105)
Sending msg to client play-fork-run-47191547-5463-4940-a4ed-d1cc3e9e008d: DetachedLogEvent(LogMessage(debug,> jobStop 17))
Sending msg to client play-fork-run-47191547-5463-4940-a4ed-d1cc3e9e008d: DetachedLogEvent(LogMessage(debug,Evaluating tasks: *:jobStop))
Sending msg to client play-fork-run-47191547-5463-4940-a4ed-d1cc3e9e008d: DetachedLogEvent(LogMessage(debug,Running task... Cancel: sbt.server.ServerTaskCancellation@f82aa4c, check cycles: false))
Sending msg to client play-fork-run-47191547-5463-4940-a4ed-d1cc3e9e008d: DetachedLogEvent(LogMessage(debug,cancel strategy start enabled=true lastCommand=Some(LastCommand(CommandExecutionWork(ExecutionId(105),jobStop 17,Set(LiveClient(activator 912b1882-11b1-4c5e-b9cf-dd1ec7293182)),sbt.server.WorkCancellationStatus$$anon$1@5c9f3abf)))))
Sending msg to client play-fork-run-47191547-5463-4940-a4ed-d1cc3e9e008d: TaskStarted(105,8693,Some(AttributeKey[void]("jobStop") in Scope(Global)))
Sending msg to client play-fork-run-47191547-5463-4940-a4ed-d1cc3e9e008d: BackgroundJobLogEvent(17,LogMessage(info,Stopping Play fork run ...))
Sending msg to client play-fork-run-47191547-5463-4940-a4ed-d1cc3e9e008d: TaskFinished(105,8693,Some(AttributeKey[void]("jobStop") in Scope(Global)),true,None)
Sending msg to client play-fork-run-47191547-5463-4940-a4ed-d1cc3e9e008d: TaskStarted(105,8692,None)
Sending msg to client play-fork-run-47191547-5463-4940-a4ed-d1cc3e9e008d: TaskFinished(105,8692,None,true,None)
Sending msg to client play-fork-run-47191547-5463-4940-a4ed-d1cc3e9e008d: TaskStarted(105,8691,None)
Sending msg to client play-fork-run-47191547-5463-4940-a4ed-d1cc3e9e008d: TaskFinished(105,8691,None,true,None)
Got request: UnlistenToEvents()
Reading next message from client.
Sending msg to client play-fork-run-47191547-5463-4940-a4ed-d1cc3e9e008d: DetachedLogEvent(LogMessage(debug,cancel strategy finish enabled=false lastCommand=Some(LastCommand(CommandExecutionWork(ExecutionId(105),jobStop 17,Set(LiveClient(activator 912b1882-11b1-4c5e-b9cf-dd1ec7293182)),sbt.server.WorkCancellationStatus$$anon$1@5c9f3abf)))))
Sending msg to client play-fork-run-47191547-5463-4940-a4ed-d1cc3e9e008d: (8,ReceivedResponse())
Got request: UnlistenToValue(AttributeKey[play.forkrun.protocol.ForkConfig]("playForkConfig") in Scope(Build: file:/E:/Projetos/play/loja/, , Project: ProjectReference(file:/E:/Projetos/play/loja/,root)))
Reading next message from client.
Client play-fork-run-47191547-5463-4940-a4ed-d1cc3e9e008d EOF, shutting down.
Stopping client.
Client play-fork-run-47191547-5463-4940-a4ed-d1cc3e9e008d thread exiting.
Dropping message (9,ReceivedResponse()) to dead client play-fork-run-47191547-5463-4940-a4ed-d1cc3e9e008d
Dropping message (0,ReceivedResponse()) to dead client play-fork-run-47191547-5463-4940-a4ed-d1cc3e9e008d
