New log file opened at Tue Feb 07 09:21:34 GMT-03:00 2017 by 11908@DESKTOP-IEECKTE
Sending msg to client play-fork-run-82ae98fc-f49f-4fb9-8a9e-3350f01c5fe9: DetachedLogEvent(LogMessage(debug,sbt server socket logs are in: E:\Projetos\play\loja\.sbtserver\connections\master.log))
Sending msg to client play-fork-run-82ae98fc-f49f-4fb9-8a9e-3350f01c5fe9: DetachedLogEvent(LogMessage(debug,sbt general server logs are in: E:\Projetos\play\loja\.sbtserver\master.log))
Sending msg to client play-fork-run-82ae98fc-f49f-4fb9-8a9e-3350f01c5fe9: DetachedLogEvent(LogMessage(debug,sbt client logs are in: E:\Projetos\play\loja\.sbtserver\connections\play-fork-run-82ae98fc-f49f-4fb9-8a9e-3350f01c5fe9.log))
Reading next message from client.
Got request: DaemonRequest(true)
Reading next message from client.
Sending msg to client play-fork-run-82ae98fc-f49f-4fb9-8a9e-3350f01c5fe9: (3,ReceivedResponse())
Got request: ListenToEvents()
Reading next message from client.
Sending msg to client play-fork-run-82ae98fc-f49f-4fb9-8a9e-3350f01c5fe9: ExecutionWaiting(42,compile,ClientInfo(912b1882-11b1-4c5e-b9cf-dd1ec7293182,activator,Activator,3,Vector()))
Sending msg to client play-fork-run-82ae98fc-f49f-4fb9-8a9e-3350f01c5fe9: ExecutionStarting(42)
Sending msg to client play-fork-run-82ae98fc-f49f-4fb9-8a9e-3350f01c5fe9: TaskStarted(42,3388,Some(AttributeKey[scala.collection.Seq[java.lang.String]]("playEbeanModels") in Scope(Build: file:/E:/Projetos/play/loja/, , Project: ProjectReference(file:/E:/Projetos/play/loja/,root), Config: compile)))
Sending msg to client play-fork-run-82ae98fc-f49f-4fb9-8a9e-3350f01c5fe9: BackgroundJobStarted(41,BackgroundJobInfo(7,backgroundRun,AttributeKey[sbt.BackgroundJobHandle]("backgroundRun") in Scope(Build: file:/E:/Projetos/play/loja/, , Project: ProjectReference(file:/E:/Projetos/play/loja/,root), Config: compile)))
Sending msg to client play-fork-run-82ae98fc-f49f-4fb9-8a9e-3350f01c5fe9: BackgroundJobStarted(20,BackgroundJobInfo(3,backgroundRun,AttributeKey[sbt.BackgroundJobHandle]("backgroundRun") in Scope(Build: file:/E:/Projetos/play/loja/, , Project: ProjectReference(file:/E:/Projetos/play/loja/,root), Config: compile)))
Sending msg to client play-fork-run-82ae98fc-f49f-4fb9-8a9e-3350f01c5fe9: (4,ReceivedResponse())
Got request: KeyLookupRequest(root/playForkConfig)
Reading next message from client.
Sending msg to client play-fork-run-82ae98fc-f49f-4fb9-8a9e-3350f01c5fe9: (5,KeyLookupResponse(root/playForkConfig,Vector(AttributeKey[play.forkrun.protocol.ForkConfig]("playForkConfig") in Scope(Build: file:/E:/Projetos/play/loja/, , Project: ProjectReference(file:/E:/Projetos/play/loja/,root)))))
Got request: ListenToValue(AttributeKey[play.forkrun.protocol.ForkConfig]("playForkConfig") in Scope(Build: file:/E:/Projetos/play/loja/, , Project: ProjectReference(file:/E:/Projetos/play/loja/,root)))
Reading next message from client.
Sending msg to client play-fork-run-82ae98fc-f49f-4fb9-8a9e-3350f01c5fe9: (6,ReceivedResponse())
Got request: KeyExecutionRequest(AttributeKey[play.forkrun.protocol.ForkConfig]("playForkConfig") in Scope(Build: file:/E:/Projetos/play/loja/, , Project: ProjectReference(file:/E:/Projetos/play/loja/,root)))
Reading next message from client.
Sending msg to client play-fork-run-82ae98fc-f49f-4fb9-8a9e-3350f01c5fe9: (7,ExecutionRequestReceived(43))
Sending msg to client play-fork-run-82ae98fc-f49f-4fb9-8a9e-3350f01c5fe9: ExecutionWaiting(43,{file:/E:/Projetos/play/loja/}root/*:playForkConfig,ClientInfo(82ae98fc-f49f-4fb9-8a9e-3350f01c5fe9,play-fork-run,Play Fork Run,1,Vector()))
Sending msg to client play-fork-run-82ae98fc-f49f-4fb9-8a9e-3350f01c5fe9: TaskFinished(42,3388,Some(AttributeKey[scala.collection.Seq[java.lang.String]]("playEbeanModels") in Scope(Build: file:/E:/Projetos/play/loja/, , Project: ProjectReference(file:/E:/Projetos/play/loja/,root), Config: compile)),true,None)
Sending msg to client play-fork-run-82ae98fc-f49f-4fb9-8a9e-3350f01c5fe9: TaskStarted(42,3387,Some(AttributeKey[sbt.compiler.IC$Result]("manipulateBytecode") in Scope(Build: file:/E:/Projetos/play/loja/, , Project: ProjectReference(file:/E:/Projetos/play/loja/,root), Config: compile)))
Sending msg to client play-fork-run-82ae98fc-f49f-4fb9-8a9e-3350f01c5fe9: TaskFinished(42,3387,Some(AttributeKey[sbt.compiler.IC$Result]("manipulateBytecode") in Scope(Build: file:/E:/Projetos/play/loja/, , Project: ProjectReference(file:/E:/Projetos/play/loja/,root), Config: compile)),true,None)
Sending msg to client play-fork-run-82ae98fc-f49f-4fb9-8a9e-3350f01c5fe9: TaskStarted(42,3328,Some(AttributeKey[sbt.inc.Analysis]("compile") in Scope(Build: file:/E:/Projetos/play/loja/, , Project: ProjectReference(file:/E:/Projetos/play/loja/,root), Config: compile)))
Sending msg to client play-fork-run-82ae98fc-f49f-4fb9-8a9e-3350f01c5fe9: TaskFinished(42,3328,Some(AttributeKey[sbt.inc.Analysis]("compile") in Scope(Build: file:/E:/Projetos/play/loja/, , Project: ProjectReference(file:/E:/Projetos/play/loja/,root), Config: compile)),true,None)
Sending msg to client play-fork-run-82ae98fc-f49f-4fb9-8a9e-3350f01c5fe9: TaskStarted(42,3327,None)
Sending msg to client play-fork-run-82ae98fc-f49f-4fb9-8a9e-3350f01c5fe9: TaskFinished(42,3327,None,true,None)
Sending msg to client play-fork-run-82ae98fc-f49f-4fb9-8a9e-3350f01c5fe9: TaskStarted(42,3326,Some(AttributeKey[sbt.inc.Analysis]("compile") in Scope(Build: file:/E:/Projetos/play/loja/, , Project: ProjectReference(file:/E:/Projetos/play/loja/,root), Config: compile)))
Sending msg to client play-fork-run-82ae98fc-f49f-4fb9-8a9e-3350f01c5fe9: TaskFinished(42,3326,Some(AttributeKey[sbt.inc.Analysis]("compile") in Scope(Build: file:/E:/Projetos/play/loja/, , Project: ProjectReference(file:/E:/Projetos/play/loja/,root), Config: compile)),true,None)
Sending msg to client play-fork-run-82ae98fc-f49f-4fb9-8a9e-3350f01c5fe9: TaskStarted(42,3325,None)
Sending msg to client play-fork-run-82ae98fc-f49f-4fb9-8a9e-3350f01c5fe9: TaskStarted(42,3459,Some(AttributeKey[scala.collection.Seq[java.lang.String]]("discoveredMainClasses") in Scope(Build: file:/E:/Projetos/play/loja/, , Project: ProjectReference(file:/E:/Projetos/play/loja/,root), Config: compile)))
Sending msg to client play-fork-run-82ae98fc-f49f-4fb9-8a9e-3350f01c5fe9: TaskFinished(42,3325,None,true,None)
Sending msg to client play-fork-run-82ae98fc-f49f-4fb9-8a9e-3350f01c5fe9: TaskStarted(42,3324,None)
Sending msg to client play-fork-run-82ae98fc-f49f-4fb9-8a9e-3350f01c5fe9: TaskFinished(42,3459,Some(AttributeKey[scala.collection.Seq[java.lang.String]]("discoveredMainClasses") in Scope(Build: file:/E:/Projetos/play/loja/, , Project: ProjectReference(file:/E:/Projetos/play/loja/,root), Config: compile)),true,None)
Sending msg to client play-fork-run-82ae98fc-f49f-4fb9-8a9e-3350f01c5fe9: TaskFinished(42,3324,None,true,None)
Sending msg to client play-fork-run-82ae98fc-f49f-4fb9-8a9e-3350f01c5fe9: DetachedLogEvent(LogMessage(debug,cancel strategy finish enabled=false lastCommand=Some(LastCommand(CommandExecutionWork(ExecutionId(42),compile,Set(LiveClient(activator 912b1882-11b1-4c5e-b9cf-dd1ec7293182)),sbt.server.WorkCancellationStatus$$anon$1@7437e0c5)))))
Sending msg to client play-fork-run-82ae98fc-f49f-4fb9-8a9e-3350f01c5fe9: DetachedLogEvent(LogSuccess(Total time: 2 s, completed 07/02/2017 09:21:35))
Sending msg to client play-fork-run-82ae98fc-f49f-4fb9-8a9e-3350f01c5fe9: DetachedLogEvent(LogMessage(debug,> server-post-command-cleanup))
Sending msg to client play-fork-run-82ae98fc-f49f-4fb9-8a9e-3350f01c5fe9: ExecutionSuccess(42)
Sending msg to client play-fork-run-82ae98fc-f49f-4fb9-8a9e-3350f01c5fe9: DetachedLogEvent(LogMessage(debug,> server-handle-next-server-request))
Sending msg to client play-fork-run-82ae98fc-f49f-4fb9-8a9e-3350f01c5fe9: ExecutionWaiting(44,jobStop 7,ClientInfo(912b1882-11b1-4c5e-b9cf-dd1ec7293182,activator,Activator,3,Vector()))
Sending msg to client play-fork-run-82ae98fc-f49f-4fb9-8a9e-3350f01c5fe9: ExecutionWaiting(45,backgroundRun,ClientInfo(912b1882-11b1-4c5e-b9cf-dd1ec7293182,activator,Activator,3,Vector()))
Sending msg to client play-fork-run-82ae98fc-f49f-4fb9-8a9e-3350f01c5fe9: ExecutionStarting(43)
Sending msg to client play-fork-run-82ae98fc-f49f-4fb9-8a9e-3350f01c5fe9: DetachedLogEvent(LogMessage(debug,> {file:/E:/Projetos/play/loja/}root/*:playForkConfig))
Sending msg to client play-fork-run-82ae98fc-f49f-4fb9-8a9e-3350f01c5fe9: DetachedLogEvent(LogMessage(debug,Evaluating tasks: *:playForkConfig))
Sending msg to client play-fork-run-82ae98fc-f49f-4fb9-8a9e-3350f01c5fe9: DetachedLogEvent(LogMessage(debug,Running task... Cancel: sbt.server.ServerTaskCancellation@2e41ef0c, check cycles: false))
Sending msg to client play-fork-run-82ae98fc-f49f-4fb9-8a9e-3350f01c5fe9: DetachedLogEvent(LogMessage(debug,cancel strategy start enabled=true lastCommand=Some(LastCommand(CommandExecutionWork(ExecutionId(43),{file:/E:/Projetos/play/loja/}root/*:playForkConfig,Set(LiveClient(play-fork-run 82ae98fc-f49f-4fb9-8a9e-3350f01c5fe9)),sbt.server.WorkCancellationStatus$$anon$1@3153277d)))))
Sending msg to client play-fork-run-82ae98fc-f49f-4fb9-8a9e-3350f01c5fe9: DetachedLogEvent(LogMessage(debug,cancel strategy cancel() with enabled=true lastCommand=Some(LastCommand(CommandExecutionWork(ExecutionId(43),{file:/E:/Projetos/play/loja/}root/*:playForkConfig,Set(LiveClient(play-fork-run 82ae98fc-f49f-4fb9-8a9e-3350f01c5fe9)),sbt.server.WorkCancellationStatus$$anon$1@3153277d)))))
Sending msg to client play-fork-run-82ae98fc-f49f-4fb9-8a9e-3350f01c5fe9: DetachedLogEvent(LogStdOut())
Sending msg to client play-fork-run-82ae98fc-f49f-4fb9-8a9e-3350f01c5fe9: DetachedLogEvent(LogMessage(warn,Canceling execution...))
Sending msg to client play-fork-run-82ae98fc-f49f-4fb9-8a9e-3350f01c5fe9: TaskStarted(43,3464,Some(AttributeKey[scala.Tuple2[java.lang.String,java.io.File]]("playPrefixAndAssets") in Scope(Build: file:/E:/Projetos/play/loja/, , Project: ProjectReference(file:/E:/Projetos/play/loja/,root))))
Sending msg to client play-fork-run-82ae98fc-f49f-4fb9-8a9e-3350f01c5fe9: DetachedLogEvent(LogMessage(debug,cancel strategy finish enabled=false lastCommand=Some(LastCommand(CommandExecutionWork(ExecutionId(43),{file:/E:/Projetos/play/loja/}root/*:playForkConfig,Set(LiveClient(play-fork-run 82ae98fc-f49f-4fb9-8a9e-3350f01c5fe9)),sbt.server.WorkCancellationStatus$$anon$1@3153277d)))))
Sending msg to client play-fork-run-82ae98fc-f49f-4fb9-8a9e-3350f01c5fe9: DetachedLogEvent(LogTrace(RejectedExecutionException,Task java.util.concurrent.ExecutorCompletionService$QueueingFuture@31f4fd91 rejected from java.util.concurrent.ThreadPoolExecutor@60dcec2[Terminated, pool size = 0, active threads = 0, queued tasks = 0, completed tasks = 0]))
Sending msg to client play-fork-run-82ae98fc-f49f-4fb9-8a9e-3350f01c5fe9: DetachedLogEvent(LogMessage(error,java.util.concurrent.RejectedExecutionException: Task java.util.concurrent.ExecutorCompletionService$QueueingFuture@31f4fd91 rejected from java.util.concurrent.ThreadPoolExecutor@60dcec2[Terminated, pool size = 0, active threads = 0, queued tasks = 0, completed tasks = 0]))
Sending msg to client play-fork-run-82ae98fc-f49f-4fb9-8a9e-3350f01c5fe9: DetachedLogEvent(LogMessage(error,Use 'last' for the full log.))
Sending msg to client play-fork-run-82ae98fc-f49f-4fb9-8a9e-3350f01c5fe9: DetachedLogEvent(LogMessage(debug,> server-post-command-error-handler))
Sending msg to client play-fork-run-82ae98fc-f49f-4fb9-8a9e-3350f01c5fe9: ExecutionFailure(43)
Sending msg to client play-fork-run-82ae98fc-f49f-4fb9-8a9e-3350f01c5fe9: DetachedLogEvent(LogMessage(debug,> server-post-command-cleanup))
Sending msg to client play-fork-run-82ae98fc-f49f-4fb9-8a9e-3350f01c5fe9: DetachedLogEvent(LogMessage(debug,> server-handle-next-server-request))
Sending msg to client play-fork-run-82ae98fc-f49f-4fb9-8a9e-3350f01c5fe9: ExecutionStarting(44)
Sending msg to client play-fork-run-82ae98fc-f49f-4fb9-8a9e-3350f01c5fe9: DetachedLogEvent(LogMessage(debug,> jobStop 7))
Sending msg to client play-fork-run-82ae98fc-f49f-4fb9-8a9e-3350f01c5fe9: DetachedLogEvent(LogMessage(debug,Evaluating tasks: *:jobStop))
Sending msg to client play-fork-run-82ae98fc-f49f-4fb9-8a9e-3350f01c5fe9: DetachedLogEvent(LogMessage(debug,Running task... Cancel: sbt.server.ServerTaskCancellation@55b97c61, check cycles: false))
Sending msg to client play-fork-run-82ae98fc-f49f-4fb9-8a9e-3350f01c5fe9: DetachedLogEvent(LogMessage(debug,cancel strategy start enabled=true lastCommand=Some(LastCommand(CommandExecutionWork(ExecutionId(44),jobStop 7,Set(LiveClient(activator 912b1882-11b1-4c5e-b9cf-dd1ec7293182)),sbt.server.WorkCancellationStatus$$anon$1@2b79262c)))))
Sending msg to client play-fork-run-82ae98fc-f49f-4fb9-8a9e-3350f01c5fe9: TaskStarted(44,3467,Some(AttributeKey[void]("jobStop") in Scope(Global)))
Sending msg to client play-fork-run-82ae98fc-f49f-4fb9-8a9e-3350f01c5fe9: TaskFinished(44,3467,Some(AttributeKey[void]("jobStop") in Scope(Global)),true,None)
Sending msg to client play-fork-run-82ae98fc-f49f-4fb9-8a9e-3350f01c5fe9: BackgroundJobLogEvent(7,LogMessage(info,Stopping Play fork run ...))
Sending msg to client play-fork-run-82ae98fc-f49f-4fb9-8a9e-3350f01c5fe9: TaskStarted(44,3466,None)
Sending msg to client play-fork-run-82ae98fc-f49f-4fb9-8a9e-3350f01c5fe9: TaskFinished(44,3466,None,true,None)
Sending msg to client play-fork-run-82ae98fc-f49f-4fb9-8a9e-3350f01c5fe9: TaskStarted(44,3465,None)
Sending msg to client play-fork-run-82ae98fc-f49f-4fb9-8a9e-3350f01c5fe9: TaskFinished(44,3465,None,true,None)
Sending msg to client play-fork-run-82ae98fc-f49f-4fb9-8a9e-3350f01c5fe9: DetachedLogEvent(LogMessage(debug,cancel strategy finish enabled=false lastCommand=Some(LastCommand(CommandExecutionWork(ExecutionId(44),jobStop 7,Set(LiveClient(activator 912b1882-11b1-4c5e-b9cf-dd1ec7293182)),sbt.server.WorkCancellationStatus$$anon$1@2b79262c)))))
Sending msg to client play-fork-run-82ae98fc-f49f-4fb9-8a9e-3350f01c5fe9: DetachedLogEvent(LogSuccess(Total time: 0 s, completed 07/02/2017 09:21:35))
Sending msg to client play-fork-run-82ae98fc-f49f-4fb9-8a9e-3350f01c5fe9: DetachedLogEvent(LogMessage(debug,> server-post-command-cleanup))
Sending msg to client play-fork-run-82ae98fc-f49f-4fb9-8a9e-3350f01c5fe9: ExecutionSuccess(44)
Sending msg to client play-fork-run-82ae98fc-f49f-4fb9-8a9e-3350f01c5fe9: DetachedLogEvent(LogMessage(debug,> server-handle-next-server-request))
Got request: UnlistenToEvents()
Reading next message from client.
Sending msg to client play-fork-run-82ae98fc-f49f-4fb9-8a9e-3350f01c5fe9: (8,ReceivedResponse())
Got request: UnlistenToValue(AttributeKey[play.forkrun.protocol.ForkConfig]("playForkConfig") in Scope(Build: file:/E:/Projetos/play/loja/, , Project: ProjectReference(file:/E:/Projetos/play/loja/,root)))
Reading next message from client.
Client play-fork-run-82ae98fc-f49f-4fb9-8a9e-3350f01c5fe9 EOF, shutting down.
Stopping client.
Client play-fork-run-82ae98fc-f49f-4fb9-8a9e-3350f01c5fe9 thread exiting.
Dropping message (9,ReceivedResponse()) to dead client play-fork-run-82ae98fc-f49f-4fb9-8a9e-3350f01c5fe9
Dropping message (0,ReceivedResponse()) to dead client play-fork-run-82ae98fc-f49f-4fb9-8a9e-3350f01c5fe9
